<?xml version="1.0" encoding="UTF-8"?>
<robot generator="Robot 6.1.1 (Python 3.11.8 on darwin)" generated="20240629 17:53:47.393" rpa="false" schemaversion="4">
<suite id="s1" name="Test CDP" source="/Users/indrajanaik/Developer/Python/PythonLearnings/Test_CDP.robot">
<test id="s1-t1" name="CDP" line="19">
<kw name="Offline Status">
<kw name="Open Browser" library="SeleniumLibrary">
<arg>https://www.costco.com/</arg>
<arg>Chrome</arg>
<doc>Opens a new browser instance to the optional ``url``.</doc>
<msg timestamp="20240629 17:53:47.491" level="INFO">Opening browser 'Chrome' to base url 'https://www.costco.com/'.</msg>
<status status="PASS" starttime="20240629 17:53:47.491" endtime="20240629 17:53:51.740"/>
</kw>
<kw name="Wait Until Element Is Visible" library="SeleniumLibrary">
<arg>id:search-field</arg>
<doc>Waits until the element ``locator`` is visible.</doc>
<status status="PASS" starttime="20240629 17:53:51.743" endtime="20240629 17:53:55.403"/>
</kw>
<kw name="Input Text" library="SeleniumLibrary">
<arg>id:search-field</arg>
<arg>iPhone 15</arg>
<doc>Types the given ``text`` into the text field identified by ``locator``.</doc>
<msg timestamp="20240629 17:53:55.406" level="INFO">Typing text 'iPhone 15' into text field 'id:search-field'.</msg>
<status status="PASS" starttime="20240629 17:53:55.405" endtime="20240629 17:53:55.544"/>
</kw>
<kw name="Print Pdf Preview" library="cdp_print_page">
<msg timestamp="20240629 17:53:55.878" level="FAIL">FileNotFoundError: [Errno 2] No such file or directory: 'Test_PDF/output_costco.pdf'</msg>
<status status="FAIL" starttime="20240629 17:53:55.544" endtime="20240629 17:53:55.882"/>
</kw>
<kw name="Click Element" library="SeleniumLibrary">
<arg>xpath://input[@id='search-field']//parent::span//following-sibling::button[contains(@class,'search-ico-button')]</arg>
<doc>Click the element identified by ``locator``.</doc>
<status status="NOT RUN" starttime="20240629 17:53:55.882" endtime="20240629 17:53:55.882"/>
</kw>
<kw name="Reload Page" library="SeleniumLibrary">
<doc>Simulates user reloading page.</doc>
<status status="NOT RUN" starttime="20240629 17:53:55.882" endtime="20240629 17:53:55.882"/>
</kw>
<status status="FAIL" starttime="20240629 17:53:47.490" endtime="20240629 17:53:55.882"/>
</kw>
<kw name="Capture Page Screenshot" library="SeleniumLibrary">
<arg>EMBED</arg>
<doc>Takes a screenshot of the current page and embeds it into a log file.</doc>
<status status="NOT RUN" starttime="20240629 17:53:55.882" endtime="20240629 17:53:55.882"/>
</kw>
<kw name="Close Browser" library="SeleniumLibrary">
<doc>Closes the current browser.</doc>
<status status="NOT RUN" starttime="20240629 17:53:55.883" endtime="20240629 17:53:55.883"/>
</kw>
<status status="FAIL" starttime="20240629 17:53:47.490" endtime="20240629 17:53:55.883">FileNotFoundError: [Errno 2] No such file or directory: 'Test_PDF/output_costco.pdf'</status>
</test>
<status status="FAIL" starttime="20240629 17:53:47.395" endtime="20240629 17:53:55.883"/>
</suite>
<statistics>
<total>
<stat pass="0" fail="1" skip="0">All Tests</stat>
</total>
<tag>
</tag>
<suite>
<stat pass="0" fail="1" skip="0" id="s1" name="Test CDP">Test CDP</stat>
</suite>
</statistics>
<errors>
</errors>
</robot>
